# JRE version: OpenJDK Runtime Environment (8.0_111-b16) (build 1.8.0_111-b16)
# Java VM: OpenJDK 64-Bit Server VM (25.111-b16 mixed mode linux-amd64 compressed oops)
Heap:
 PSYoungGen      total 161280K, used 15950K [0x00000000f0000000, 0x00000000fed80000, 0x0000000100000000)
  eden space 148480K, 2% used [0x00000000f0000000,0x00000000f031b5b0,0x00000000f9100000)
  from space 12800K, 99% used [0x00000000f9100000,0x00000000f9d78308,0x00000000f9d80000)
  to   space 16896K, 0% used [0x00000000fdd00000,0x00000000fdd00000,0x00000000fed80000)
 ParOldGen       total 358912K, used 287110K [0x00000000d0000000, 0x00000000e5e80000, 0x00000000f0000000)
  object space 358912K, 79% used [0x00000000d0000000,0x00000000e18618d8,0x00000000e5e80000)
 Metaspace       used 49084K, capacity 49456K, committed 49840K, reserved 1091584K
  class space    used 8216K, capacity 8321K, committed 8368K, reserved 1048576K
GC Heap History (10 events):
Event: 2.118 GC heap before
{Heap before GC invocations=5 (full 1):
 PSYoungGen      total 70656K, used 65536K [0x00000000f0000000, 0x00000000f8a00000, 0x0000000100000000)
  eden space 65536K, 100% used [0x00000000f0000000,0x00000000f4000000,0x00000000f4000000)
  from space 5120K, 0% used [0x00000000f4000000,0x00000000f4000000,0x00000000f4500000)
  to   space 5120K, 0% used [0x00000000f8500000,0x00000000f8500000,0x00000000f8a00000)
 ParOldGen       total 56320K, used 6023K [0x00000000d0000000, 0x00000000d3700000, 0x00000000f0000000)
  object space 56320K, 10% used [0x00000000d0000000,0x00000000d05e1f68,0x00000000d3700000)
 Metaspace       used 30794K, capacity 31088K, committed 31408K, reserved 1075200K
  class space    used 5099K, capacity 5198K, committed 5296K, reserved 1048576K
Event: 2.128 GC heap after
Heap after GC invocations=5 (full 1):
 PSYoungGen      total 103424K, used 5094K [0x00000000f0000000, 0x00000000f8a00000, 0x0000000100000000)
  eden space 98304K, 0% used [0x00000000f0000000,0x00000000f0000000,0x00000000f6000000)
  from space 5120K, 99% used [0x00000000f8500000,0x00000000f89f9b90,0x00000000f8a00000)
  to   space 5120K, 0% used [0x00000000f8000000,0x00000000f8000000,0x00000000f8500000)
 ParOldGen       total 56320K, used 10299K [0x00000000d0000000, 0x00000000d3700000, 0x00000000f0000000)
  object space 56320K, 18% used [0x00000000d0000000,0x00000000d0a0ed50,0x00000000d3700000)
 Metaspace       used 30794K, capacity 31088K, committed 31408K, reserved 1075200K
  class space    used 5099K, capacity 5198K, committed 5296K, reserved 1048576K
}
Event: 2.563 GC heap before
{Heap before GC invocations=6 (full 1):
 PSYoungGen      total 103424K, used 46361K [0x00000000f0000000, 0x00000000f8a00000, 0x0000000100000000)
  eden space 98304K, 41% used [0x00000000f0000000,0x00000000f284ca38,0x00000000f6000000)
  from space 5120K, 99% used [0x00000000f8500000,0x00000000f89f9b90,0x00000000f8a00000)
  to   space 5120K, 0% used [0x00000000f8000000,0x00000000f8000000,0x00000000f8500000)
 ParOldGen       total 56320K, used 10299K [0x00000000d0000000, 0x00000000d3700000, 0x00000000f0000000)
  object space 56320K, 18% used [0x00000000d0000000,0x00000000d0a0ed50,0x00000000d3700000)
 Metaspace       used 35108K, capacity 35344K, committed 35496K, reserved 1079296K
  class space    used 6108K, capacity 6190K, committed 6192K, reserved 1048576K
Event: 2.576 GC heap after
Heap after GC invocations=6 (full 1):
 PSYoungGen      total 136192K, used 5109K [0x00000000f0000000, 0x00000000fa680000, 0x0000000100000000)
  eden space 131072K, 0% used [0x00000000f0000000,0x00000000f0000000,0x00000000f8000000)
  from space 5120K, 99% used [0x00000000f8000000,0x00000000f84fd468,0x00000000f8500000)
  to   space 9216K, 0% used [0x00000000f9d80000,0x00000000f9d80000,0x00000000fa680000)
 ParOldGen       total 56320K, used 11779K [0x00000000d0000000, 0x00000000d3700000, 0x00000000f0000000)
  object space 56320K, 20% used [0x00000000d0000000,0x00000000d0b80ef8,0x00000000d3700000)
 Metaspace       used 35108K, capacity 35344K, committed 35496K, reserved 1079296K
  class space    used 6108K, capacity 6190K, committed 6192K, reserved 1048576K
}
Event: 2.576 GC heap before
{Heap before GC invocations=7 (full 2):
 PSYoungGen      total 136192K, used 5109K [0x00000000f0000000, 0x00000000fa680000, 0x0000000100000000)
  eden space 131072K, 0% used [0x00000000f0000000,0x00000000f0000000,0x00000000f8000000)
  from space 5120K, 99% used [0x00000000f8000000,0x00000000f84fd468,0x00000000f8500000)
  to   space 9216K, 0% used [0x00000000f9d80000,0x00000000f9d80000,0x00000000fa680000)
 ParOldGen       total 56320K, used 11779K [0x00000000d0000000, 0x00000000d3700000, 0x00000000f0000000)
  object space 56320K, 20% used [0x00000000d0000000,0x00000000d0b80ef8,0x00000000d3700000)
 Metaspace       used 35108K, capacity 35344K, committed 35496K, reserved 1079296K
  class space    used 6108K, capacity 6190K, committed 6192K, reserved 1048576K
Event: 2.629 GC heap after
Heap after GC invocations=7 (full 2):
 PSYoungGen      total 136192K, used 0K [0x00000000f0000000, 0x00000000fa680000, 0x0000000100000000)
  eden space 131072K, 0% used [0x00000000f0000000,0x00000000f0000000,0x00000000f8000000)
  from space 5120K, 0% used [0x00000000f8000000,0x00000000f8000000,0x00000000f8500000)
  to   space 9216K, 0% used [0x00000000f9d80000,0x00000000f9d80000,0x00000000fa680000)
 ParOldGen       total 90112K, used 9283K [0x00000000d0000000, 0x00000000d5800000, 0x00000000f0000000)
  object space 90112K, 10% used [0x00000000d0000000,0x00000000d0910eb8,0x00000000d5800000)
 Metaspace       used 35097K, capacity 35314K, committed 35496K, reserved 1079296K
  class space    used 6105K, capacity 6180K, committed 6192K, reserved 1048576K
}
Event: 3.896 GC heap before
{Heap before GC invocations=8 (full 2):
 PSYoungGen      total 136192K, used 131072K [0x00000000f0000000, 0x00000000fa680000, 0x0000000100000000)
  eden space 131072K, 100% used [0x00000000f0000000,0x00000000f8000000,0x00000000f8000000)
  from space 5120K, 0% used [0x00000000f8000000,0x00000000f8000000,0x00000000f8500000)
  to   space 9216K, 0% used [0x00000000f9d80000,0x00000000f9d80000,0x00000000fa680000)
 ParOldGen       total 90112K, used 9283K [0x00000000d0000000, 0x00000000d5800000, 0x00000000f0000000)
  object space 90112K, 10% used [0x00000000d0000000,0x00000000d0910eb8,0x00000000d5800000)
 Metaspace       used 44095K, capacity 44376K, committed 44592K, reserved 1085440K
  class space    used 7799K, capacity 7877K, committed 7984K, reserved 1048576K
Event: 3.909 GC heap after
Heap after GC invocations=8 (full 2):
 PSYoungGen      total 157696K, used 9200K [0x00000000f0000000, 0x00000000fcb80000, 0x0000000100000000)
  eden space 148480K, 0% used [0x00000000f0000000,0x00000000f0000000,0x00000000f9100000)
  from space 9216K, 99% used [0x00000000f9d80000,0x00000000fa67c060,0x00000000fa680000)
  to   space 12800K, 0% used [0x00000000f9100000,0x00000000f9100000,0x00000000f9d80000)
 ParOldGen       total 90112K, used 14225K [0x00000000d0000000, 0x00000000d5800000, 0x00000000f0000000)
  object space 90112K, 15% used [0x00000000d0000000,0x00000000d0de47e0,0x00000000d5800000)
 Metaspace       used 44095K, capacity 44376K, committed 44592K, reserved 1085440K
  class space    used 7799K, capacity 7877K, committed 7984K, reserved 1048576K
}
Event: 5.423 GC heap before
{Heap before GC invocations=9 (full 2):
 PSYoungGen      total 157696K, used 157680K [0x00000000f0000000, 0x00000000fcb80000, 0x0000000100000000)
  eden space 148480K, 100% used [0x00000000f0000000,0x00000000f9100000,0x00000000f9100000)
  from space 9216K, 99% used [0x00000000f9d80000,0x00000000fa67c060,0x00000000fa680000)
  to   space 12800K, 0% used [0x00000000f9100000,0x00000000f9100000,0x00000000f9d80000)
 ParOldGen       total 90112K, used 14225K [0x00000000d0000000, 0x00000000d5800000, 0x00000000f0000000)
  object space 90112K, 15% used [0x00000000d0000000,0x00000000d0de47e0,0x00000000d5800000)
 Metaspace       used 48417K, capacity 48740K, committed 49072K, reserved 1089536K
  class space    used 8154K, capacity 8255K, committed 8368K, reserved 1048576K
Event: 5.456 GC heap after
Heap after GC invocations=9 (full 2):
 PSYoungGen      total 161280K, used 12768K [0x00000000f0000000, 0x00000000fed80000, 0x0000000100000000)
  eden space 148480K, 0% used [0x00000000f0000000,0x00000000f0000000,0x00000000f9100000)
  from space 12800K, 99% used [0x00000000f9100000,0x00000000f9d78308,0x00000000f9d80000)
  to   space 16896K, 0% used [0x00000000fdd00000,0x00000000fdd00000,0x00000000fed80000)
 ParOldGen       total 90112K, used 18563K [0x00000000d0000000, 0x00000000d5800000, 0x00000000f0000000)
  object space 90112K, 20% used [0x00000000d0000000,0x00000000d1220fa0,0x00000000d5800000)
 Metaspace       used 48417K, capacity 48740K, committed 49072K, reserved 1089536K
  class space    used 8154K, capacity 8255K, committed 8368K, reserved 1048576K
}

